<?xml version="1.0" encoding="UTF-8"?>
<!-- Generated by org.testng.reporters.JUnitReportReporter -->
<testsuite skipped="0" hostname="USER-20200424AD" name="com.jxq.douban.SearchTagsTest" tests="2" failures="0" timestamp="01 Jun 2020 19:06:10 GMT" time="1.648" errors="0">
  <testcase name="testcase1" time="1.570" classname="com.jxq.douban.SearchTagsTest"/>
  <testcase name="testcase2" time="0.078" classname="com.jxq.douban.SearchTagsTest"/>
</testsuite> <!-- com.jxq.douban.SearchTagsTest -->
